[17:35:08] [ServerMain/INFO]: Environment: Environment[sessionHost=https://sessionserver.mojang.com, servicesHost=https://api.minecraftservices.com, name=PROD]
[17:35:09] [ServerMain/INFO]: No existing world data, creating new world
[17:35:10] [ServerMain/INFO]: Loaded 7 recipes
[17:35:10] [ServerMain/INFO]: Loaded 1271 advancements
[17:35:10] [Server thread/INFO]: Starting minecraft server version 1.20.4
[17:35:10] [Server thread/INFO]: Loading properties
[17:35:10] [Server thread/INFO]: Default game type: SURVIVAL
[17:35:10] [Server thread/INFO]: Generating keypair
[17:35:10] [Server thread/INFO]: Starting Minecraft server on *:25565
[17:35:10] [Server thread/INFO]: Using epoll channel type
[17:35:11] [Server thread/INFO]: Preparing level "world"
[17:35:13] [Server thread/INFO]: Preparing start region for dimension minecraft:overworld
[17:35:14] [Worker-Main-6/INFO]: Preparing spawn area: 0%
[17:35:14] [Worker-Main-4/INFO]: Preparing spawn area: 0%
[17:35:14] [Worker-Main-12/INFO]: Preparing spawn area: 0%
[17:35:15] [Worker-Main-6/INFO]: Preparing spawn area: 2%
[17:35:15] [Worker-Main-4/INFO]: Preparing spawn area: 4%
[17:35:16] [Worker-Main-10/INFO]: Preparing spawn area: 6%
[17:35:16] [Worker-Main-2/INFO]: Preparing spawn area: 10%
[17:35:17] [Worker-Main-6/INFO]: Preparing spawn area: 15%
[17:35:17] [Worker-Main-19/INFO]: Preparing spawn area: 21%
[17:35:18] [Worker-Main-17/INFO]: Preparing spawn area: 25%
[17:35:18] [Worker-Main-13/INFO]: Preparing spawn area: 32%
[17:35:19] [Worker-Main-9/INFO]: Preparing spawn area: 37%
[17:35:19] [Worker-Main-8/INFO]: Preparing spawn area: 43%
[17:35:20] [Worker-Main-9/INFO]: Preparing spawn area: 48%
[17:35:20] [Worker-Main-17/INFO]: Preparing spawn area: 52%
[17:35:21] [Worker-Main-7/INFO]: Preparing spawn area: 58%
[17:35:21] [Worker-Main-19/INFO]: Preparing spawn area: 64%
[17:35:22] [Worker-Main-4/INFO]: Preparing spawn area: 70%
[17:35:22] [Worker-Main-6/INFO]: Preparing spawn area: 74%
[17:35:23] [Worker-Main-7/INFO]: Preparing spawn area: 81%
[17:35:23] [Worker-Main-14/INFO]: Preparing spawn area: 84%
[17:35:24] [Worker-Main-4/INFO]: Preparing spawn area: 91%
[17:35:24] [Worker-Main-8/INFO]: Preparing spawn area: 99%
[17:35:24] [Server thread/INFO]: Time elapsed: 11043 ms
[17:35:24] [Server thread/INFO]: Done (13.592s)! For help, type "help"
[17:35:24] [Server thread/INFO]: Starting remote control listener
[17:35:24] [Server thread/INFO]: Thread RCON Listener started
[17:35:24] [Server thread/INFO]: RCON running on 0.0.0.0:25575
[17:42:14] [User Authenticator #1/INFO]: UUID of player Alber_11 is 737d26cd-8930-4693-8031-ab0bce0fcc73
[17:42:14] [Server thread/INFO]: Alber_11[/172.18.0.1:51592] logged in with entity id 315 at (-7.5, 71.0, 19.5)
[17:42:14] [Server thread/INFO]: Alber_11 joined the game
[17:42:51] [Server thread/INFO]: Alber_11 lost connection: Disconnected
[17:42:51] [Server thread/INFO]: Alber_11 left the game
[17:43:11] [RCON Listener #1/INFO]: Thread RCON Client /0:0:0:0:0:0:0:1 started
[17:43:11] [Server thread/INFO]: [Rcon: Stopping the server]
[17:43:11] [Server thread/INFO]: Stopping server
[17:43:11] [RCON Client /0:0:0:0:0:0:0:1 #2/INFO]: Thread RCON Client /0:0:0:0:0:0:0:1 shutting down
[17:43:11] [Server thread/INFO]: Saving players
[17:43:11] [Server thread/INFO]: Saving worlds
[17:43:12] [Server thread/INFO]: Saving chunks for level 'ServerLevel[world]'/minecraft:overworld
